******************* push-pop Test *********************
g++ -o ht-test -g -I src/ --std=c++14 src/priorityqueue.cpp src/main.cpp
Failures = 
MAKE_ERROR = collect2: error: ld returned 1 exit status
+ 0 pts of 50.000
Total grade so far: 0
******************* time test *********************
g++ -o ht-test -g -I src/ --std=c++14 src/priorityqueue.cpp src/main.cpp
Failures = 
MAKE_ERROR = collect2: error: ld returned 1 exit status
+ 0 pts of 50.000
Total grade so far: 0
