******************* Bubble Sort PART *********************
g++ -o sll-test -g -I src/ --std=c++14 src/array.cpp src/main.cpp
Failures = 
MAKE_ERROR = collect2: error: ld returned 1 exit status
+ 0 pts of 50.000
Total grade so far: 0
******************* Binary Search PART *********************
g++ -o sll-test -g -I src/ --std=c++14 src/array.cpp src/main.cpp
Failures = 
MAKE_ERROR = collect2: error: ld returned 1 exit status
+ 0 pts of 50.000
Total grade so far: 0
